<?xml version="1.0" encoding="UTF-8"?>
<!-- Generated by org.testng.reporters.JUnitXMLReporter -->
<testsuite ignored="0" hostname="DESKTOP-4U6BVEK" failures="0" tests="10" name="Default test" time="145.975" errors="0" timestamp="2023-08-17T14:41:27 IST">
  <testcase classname="orangeHRM_TestNG.OrangeHRM_TestNG" name="testLogindata" time="2.322"/>
  <testcase classname="orangeHRM_TestNG.OrangeHRM_TestNG" name="Admin" time="13.552"/>
  <testcase classname="orangeHRM_TestNG.OrangeHRM_TestNG" name="Job" time="25.805"/>
  <testcase classname="orangeHRM_TestNG.OrangeHRM_TestNG" name="Workshift" time="9.26"/>
  <testcase classname="orangeHRM_TestNG.OrangeHRM_TestNG" name="Generalinfo" time="3.276"/>
  <testcase classname="orangeHRM_TestNG.OrangeHRM_TestNG" name="Generalinfon" time="22.944"/>
  <testcase classname="orangeHRM_TestNG.OrangeHRM_TestNG" name="Performance" time="8.615"/>
  <testcase classname="orangeHRM_TestNG.OrangeHRM_TestNG" name="Pim" time="7.631"/>
  <testcase classname="orangeHRM_TestNG.OrangeHRM_TestNG" name="Qualification" time="18.865"/>
  <testcase classname="orangeHRM_TestNG.OrangeHRM_TestNG" name="Req" time="21.12"/>
</testsuite> <!-- Default test -->
