<?xml version="1.0" encoding="UTF-8"?>
<testng-results ignored="0" total="10" passed="10" failed="0" skipped="0">
  <reporter-output>
  </reporter-output>
  <suite started-at="2023-08-17T14:39:01 IST" name="Default suite" finished-at="2023-08-17T14:41:27 IST" duration-ms="145975">
    <groups>
    </groups>
    <test started-at="2023-08-17T14:39:01 IST" name="Default test" finished-at="2023-08-17T14:41:27 IST" duration-ms="145975">
      <class name="orangeHRM_TestNG.OrangeHRM_TestNG">
        <test-method is-config="true" signature="Login()[pri:0, instance:orangeHRM_TestNG.OrangeHRM_TestNG@2a7f1f10]" started-at="2023-08-17T14:39:01 IST" name="Login" finished-at="2023-08-17T14:39:12 IST" duration-ms="11144" status="PASS">
          <reporter-output>
          </reporter-output>
        </test-method> <!-- Login -->
        <test-method signature="testLogindata()[pri:1, instance:orangeHRM_TestNG.OrangeHRM_TestNG@2a7f1f10]" started-at="2023-08-17T14:39:12 IST" name="testLogindata" finished-at="2023-08-17T14:39:15 IST" duration-ms="2322" status="PASS">
          <reporter-output>
          </reporter-output>
        </test-method> <!-- testLogindata -->
        <test-method signature="Admin()[pri:2, instance:orangeHRM_TestNG.OrangeHRM_TestNG@2a7f1f10]" started-at="2023-08-17T14:39:15 IST" name="Admin" finished-at="2023-08-17T14:39:28 IST" duration-ms="13552" status="PASS">
          <reporter-output>
          </reporter-output>
        </test-method> <!-- Admin -->
        <test-method signature="Job()[pri:3, instance:orangeHRM_TestNG.OrangeHRM_TestNG@2a7f1f10]" started-at="2023-08-17T14:39:28 IST" name="Job" finished-at="2023-08-17T14:39:54 IST" duration-ms="25805" status="PASS">
          <reporter-output>
          </reporter-output>
        </test-method> <!-- Job -->
        <test-method signature="Workshift()[pri:4, instance:orangeHRM_TestNG.OrangeHRM_TestNG@2a7f1f10]" started-at="2023-08-17T14:39:54 IST" name="Workshift" finished-at="2023-08-17T14:40:03 IST" duration-ms="9260" status="PASS">
          <reporter-output>
          </reporter-output>
        </test-method> <!-- Workshift -->
        <test-method signature="Generalinfo()[pri:5, instance:orangeHRM_TestNG.OrangeHRM_TestNG@2a7f1f10]" started-at="2023-08-17T14:40:03 IST" name="Generalinfo" finished-at="2023-08-17T14:40:07 IST" duration-ms="3276" status="PASS">
          <reporter-output>
          </reporter-output>
        </test-method> <!-- Generalinfo -->
        <test-method signature="Generalinfon()[pri:6, instance:orangeHRM_TestNG.OrangeHRM_TestNG@2a7f1f10]" started-at="2023-08-17T14:40:07 IST" name="Generalinfon" finished-at="2023-08-17T14:40:30 IST" duration-ms="22944" status="PASS">
          <reporter-output>
          </reporter-output>
        </test-method> <!-- Generalinfon -->
        <test-method signature="Performance()[pri:7, instance:orangeHRM_TestNG.OrangeHRM_TestNG@2a7f1f10]" started-at="2023-08-17T14:40:30 IST" name="Performance" finished-at="2023-08-17T14:40:38 IST" duration-ms="8615" status="PASS">
          <reporter-output>
          </reporter-output>
        </test-method> <!-- Performance -->
        <test-method signature="Pim()[pri:8, instance:orangeHRM_TestNG.OrangeHRM_TestNG@2a7f1f10]" started-at="2023-08-17T14:40:38 IST" name="Pim" finished-at="2023-08-17T14:40:46 IST" duration-ms="7631" status="PASS">
          <reporter-output>
          </reporter-output>
        </test-method> <!-- Pim -->
        <test-method signature="Qualification()[pri:9, instance:orangeHRM_TestNG.OrangeHRM_TestNG@2a7f1f10]" started-at="2023-08-17T14:40:46 IST" name="Qualification" finished-at="2023-08-17T14:41:05 IST" duration-ms="18865" status="PASS">
          <reporter-output>
          </reporter-output>
        </test-method> <!-- Qualification -->
        <test-method signature="Req()[pri:10, instance:orangeHRM_TestNG.OrangeHRM_TestNG@2a7f1f10]" started-at="2023-08-17T14:41:05 IST" name="Req" finished-at="2023-08-17T14:41:26 IST" duration-ms="21120" status="PASS">
          <reporter-output>
          </reporter-output>
        </test-method> <!-- Req -->
        <test-method is-config="true" signature="Terminate()[pri:0, instance:orangeHRM_TestNG.OrangeHRM_TestNG@2a7f1f10]" started-at="2023-08-17T14:41:26 IST" name="Terminate" finished-at="2023-08-17T14:41:27 IST" duration-ms="1356" status="PASS">
          <reporter-output>
          </reporter-output>
        </test-method> <!-- Terminate -->
      </class> <!-- orangeHRM_TestNG.OrangeHRM_TestNG -->
    </test> <!-- Default test -->
  </suite> <!-- Default suite -->
</testng-results>
